<?xml version="1.0" encoding="UTF-8"?>
<testng-results skipped="0" failed="0" ignored="0" total="0" passed="0">
  <reporter-output>
  </reporter-output>
  <suite name="c2info_Webservices.c2info_Webservices.AppTest" duration-ms="2" started-at="2017-11-20T07:05:42Z" finished-at="2017-11-20T07:05:42Z">
    <groups>
    </groups>
    <test name="Command line test" duration-ms="2" started-at="2017-11-20T07:05:42Z" finished-at="2017-11-20T07:05:42Z">
    </test> <!-- Command line test -->
  </suite> <!-- c2info_Webservices.c2info_Webservices.AppTest -->
</testng-results>
